[LOG] System::create                           : Header version = 2.02.04. Current version = 2.02.04.
[LOG] Manager::init                            : maxchannels = 256 studioflags = 00000006 flags 00000000 extradriverdata 0000000000000000.
[LOG] SystemI::init                            : Initialize version=20204 (121702), maxchannels=256, flags=0x00020000
[LOG] SystemI::setOutputInternal               : Setting output to 'FMOD WASAPI Output'
[LOG] OutputWASAPI::init                       : Mix Format (WAVEFORMATEX): wFormatTag=0xFFFE, nChannels=2, nSamplesPerSec=44100, nAvgBytesPerSec=352800, nBlockAlign=8, wBitsPerSample=32, cbSize=22.
[LOG] OutputWASAPI::init                       : Mix Format (WAVEFORMATEXTENSIBLE): wValidBitsPerSample=32, dwChannelMask=0x00000003, SubFormat=00000003-0000-0010-8000-00AA00389B71.
[LOG] OutputWASAPI::init                       : Output buffer size: 3760 samples, latency: 0.00ms, period: 10.00ms, DSP buffer: 1024 * 4
[LOG] SystemI::init                            : Output requires a sample rate of 44100Hz, resampling will occur.
[LOG] Thread::initThread                       : Init FMOD stream thread. Affinity: 0x4000000000000003, Priority: 0xFFFF7FFB, Stack Size: 98304, Semaphore: No, Sleep Time: 10, Looping: Yes.
[LOG] Thread::initThread                       : Init FMOD mixer thread. Affinity: 0x4000000000000001, Priority: 0xFFFF7FFA, Stack Size: 81920, Semaphore: No, Sleep Time: 0, Looping: Yes.
[LOG] AsyncManager::init                       : manager 00000238BF7E9388 isAsync 0 updatePeriod 0.02
[LOG] AsyncManager::init                       : done
[LOG] PlaybackSystem::init                     : 
[LOG] Thread::initThread                       : Init FMOD Studio sample load thread. Affinity: 0x4000000000000003, Priority: 0xFFFF7FFD, Stack Size: 98304, Semaphore: No, Sleep Time: 1, Looping: No.
[LOG] PlaybackSystem::init                     : done
[LOG] Thread::initThread                       : Init FMOD Studio bank load thread. Affinity: 0x4000000000000003, Priority: 0xFFFF7FFD, Stack Size: 98304, Semaphore: No, Sleep Time: 1, Looping: No.
[LOG] Manager::init                            : done.
[LOG] Manager::readBank                        : fileversion = 141, compatVersion = 140 (oldest = 44, newest = 141)
[LOG] Manager::readBank                        : fileversion = 141, compatVersion = 140 (oldest = 44, newest = 141)
[LOG] PlaybackSystem::acquireMasterBus         : Setting master channel group format to 6
[LOG] Manager::readBank                        : fileversion = 141, compatVersion = 140 (oldest = 44, newest = 141)
[LOG] SystemI::createSoundInternal             : Create name='', mode=0x02000202
[LOG] SystemI::createSoundInternal             : exinfo->cbsize             = 224
[LOG] SystemI::createSoundInternal             : exinfo->length             = 2389024
[LOG] SystemI::createSoundInternal             : exinfo->fileoffset         = 62848
[LOG] SystemI::createSoundInternal             : exinfo->numsubsounds       = 1
[LOG] SystemI::createSoundInternal             : exinfo->inclusionlist      = 000000AC011FEEB8
[LOG] SystemI::createSoundInternal             : exinfo->inclusionlistnum   = 1
[LOG] SystemI::createSoundInternal             : exinfo->suggestedsoundtype = 5
[LOG] SystemI::createSoundInternal             : exinfo->useropen           = 00007FF9CAB50AD0
[LOG] SystemI::createSoundInternal             : exinfo->userclose          = 00007FF9CAB50AA0
[LOG] SystemI::createSoundInternal             : exinfo->userread           = 00007FF9CAB50BA0
[LOG] SystemI::createSoundInternal             : exinfo->userseek           = 00007FF9CAB50C60
[LOG] SystemI::createSoundInternal             : exinfo->fileuserdata       = 0000023925F19288
[LOG] SystemI::createSoundInternal             : exinfo->initialseekpostype = 1
[LOG] SystemI::DSPCodecPoolRegister            : register codec pool for pool type 5
[LOG] SystemI::createSoundInternal             : Sample 0/1: name='515477-Switch-Metal_push_button-Push-Fast', format=5, channels=1, frequency=48000, lengthbytes=4608, lengthpcm=48000, pcmblocksize=0, loopstart=0, loopend=0, mode=0x00000000, channelmask=0x00000000, channelorder=0, peakvolume=0.577054.
[LOG] SystemI::createSoundInternal             : Create name='', mode=0x02000202
[LOG] SystemI::createSoundInternal             : exinfo->cbsize             = 224
[LOG] SystemI::createSoundInternal             : exinfo->length             = 2389024
[LOG] SystemI::createSoundInternal             : exinfo->fileoffset         = 62848
[LOG] SystemI::createSoundInternal             : exinfo->numsubsounds       = 1
[LOG] SystemI::createSoundInternal             : exinfo->inclusionlist      = 000000AC011FEEB8
[LOG] SystemI::createSoundInternal             : exinfo->inclusionlistnum   = 1
[LOG] SystemI::createSoundInternal             : exinfo->suggestedsoundtype = 5
[LOG] SystemI::createSoundInternal             : exinfo->useropen           = 00007FF9CAB50AD0
[LOG] SystemI::createSoundInternal             : exinfo->userclose          = 00007FF9CAB50AA0
[LOG] SystemI::createSoundInternal             : exinfo->userread           = 00007FF9CAB50BA0
[LOG] SystemI::createSoundInternal             : exinfo->userseek           = 00007FF9CAB50C60
[LOG] SystemI::createSoundInternal             : exinfo->fileuserdata       = 0000023925F1A938
[LOG] SystemI::createSoundInternal             : exinfo->initialseekpostype = 1
[LOG] SystemI::DSPCodecPoolRegister            : register codec pool for pool type 5
[LOG] SystemI::createSoundInternal             : Sample 0/1: name='442486-Old_Clock_Clank_013', format=5, channels=2, frequency=48000, lengthbytes=23840, lengthpcm=68700, pcmblocksize=0, loopstart=0, loopend=0, mode=0x00000000, channelmask=0x00000000, channelorder=0, peakvolume=0.335924.
[LOG] SystemI::createSoundInternal             : Create name='', mode=0x02000202
[LOG] SystemI::createSoundInternal             : exinfo->cbsize             = 224
[LOG] SystemI::createSoundInternal             : exinfo->length             = 2389024
[LOG] SystemI::createSoundInternal             : exinfo->fileoffset         = 62848
[LOG] SystemI::createSoundInternal             : exinfo->numsubsounds       = 1
[LOG] SystemI::createSoundInternal             : exinfo->inclusionlist      = 000000AC011FEEB8
[LOG] SystemI::createSoundInternal             : exinfo->inclusionlistnum   = 1
[LOG] SystemI::createSoundInternal             : exinfo->suggestedsoundtype = 5
[LOG] SystemI::createSoundInternal             : exinfo->useropen           = 00007FF9CAB50AD0
[LOG] SystemI::createSoundInternal             : exinfo->userclose          = 00007FF9CAB50AA0
[LOG] SystemI::createSoundInternal             : exinfo->userread           = 00007FF9CAB50BA0
[LOG] SystemI::createSoundInternal             : exinfo->userseek           = 00007FF9CAB50C60
[LOG] SystemI::createSoundInternal             : exinfo->fileuserdata       = 0000023925F1A938
[LOG] SystemI::createSoundInternal             : exinfo->initialseekpostype = 1
[LOG] SystemI::DSPCodecPoolRegister            : register codec pool for pool type 5
[LOG] SystemI::createSoundInternal             : Sample 0/1: name='219287-Buttons-Switches-057', format=5, channels=1, frequency=48000, lengthbytes=28320, lengthpcm=255435, pcmblocksize=0, loopstart=0, loopend=0, mode=0x00000000, channelmask=0x00000000, channelorder=0, peakvolume=0.891252.
[LOG] SystemI::createSoundInternal             : Create name='', mode=0x02000202
[LOG] SystemI::createSoundInternal             : exinfo->cbsize             = 224
[LOG] SystemI::createSoundInternal             : exinfo->length             = 2389024
[LOG] SystemI::createSoundInternal             : exinfo->fileoffset         = 62848
[LOG] SystemI::createSoundInternal             : exinfo->numsubsounds       = 1
[LOG] SystemI::createSoundInternal             : exinfo->inclusionlist      = 000000AC011FEEB8
[LOG] SystemI::createSoundInternal             : exinfo->inclusionlistnum   = 1
[LOG] SystemI::createSoundInternal             : exinfo->suggestedsoundtype = 5
[LOG] SystemI::createSoundInternal             : exinfo->useropen           = 00007FF9CAB50AD0
[LOG] SystemI::createSoundInternal             : exinfo->userclose          = 00007FF9CAB50AA0
[LOG] SystemI::createSoundInternal             : exinfo->userread           = 00007FF9CAB50BA0
[LOG] SystemI::createSoundInternal             : exinfo->userseek           = 00007FF9CAB50C60
[LOG] SystemI::createSoundInternal             : exinfo->fileuserdata       = 0000023925F196A8
[LOG] SystemI::createSoundInternal             : exinfo->initialseekpostype = 1
[LOG] SystemI::DSPCodecPoolRegister            : register codec pool for pool type 5
[LOG] SystemI::createSoundInternal             : Sample 0/1: name='201657-EFX_INT_Combination_Two_Metal_02_A - Trimmed', format=5, channels=2, frequency=48000, lengthbytes=7424, lengthpcm=24270, pcmblocksize=0, loopstart=0, loopend=0, mode=0x00000000, channelmask=0x00000000, channelorder=0, peakvolume=0.029114.
[LOG] SystemI::createSoundInternal             : Create name='', mode=0x02000202
[LOG] SystemI::createSoundInternal             : exinfo->cbsize             = 224
[LOG] SystemI::createSoundInternal             : exinfo->length             = 2389024
[LOG] SystemI::createSoundInternal             : exinfo->fileoffset         = 62848
[LOG] SystemI::createSoundInternal             : exinfo->numsubsounds       = 1
[LOG] SystemI::createSoundInternal             : exinfo->inclusionlist      = 000000AC011FEEB8
[LOG] SystemI::createSoundInternal             : exinfo->inclusionlistnum   = 1
[LOG] SystemI::createSoundInternal             : exinfo->suggestedsoundtype = 5
[LOG] SystemI::createSoundInternal             : exinfo->useropen           = 00007FF9CAB50AD0
[LOG] SystemI::createSoundInternal             : exinfo->userclose          = 00007FF9CAB50AA0
[LOG] SystemI::createSoundInternal             : exinfo->userread           = 00007FF9CAB50BA0
[LOG] SystemI::createSoundInternal             : exinfo->userseek           = 00007FF9CAB50C60
[LOG] SystemI::createSoundInternal             : exinfo->fileuserdata       = 0000023925F196A8
[LOG] SystemI::createSoundInternal             : exinfo->initialseekpostype = 1
[LOG] SystemI::DSPCodecPoolRegister            : register codec pool for pool type 5
[LOG] SystemI::createSoundInternal             : Sample 0/1: name='201657-EFX_INT_Combination_Two_Metal_03_A - Trimmed', format=5, channels=2, frequency=48000, lengthbytes=5888, lengthpcm=17227, pcmblocksize=0, loopstart=0, loopend=0, mode=0x00000000, channelmask=0x00000000, channelorder=0, peakvolume=0.028778.
[LOG] SystemI::createSoundInternal             : Create name='', mode=0x02000202
[LOG] SystemI::createSoundInternal             : exinfo->cbsize             = 224
[LOG] SystemI::createSoundInternal             : exinfo->length             = 2389024
[LOG] SystemI::createSoundInternal             : exinfo->fileoffset         = 62848
[LOG] SystemI::createSoundInternal             : exinfo->numsubsounds       = 1
[LOG] SystemI::createSoundInternal             : exinfo->inclusionlist      = 000000AC011FEEB8
[LOG] SystemI::createSoundInternal             : exinfo->inclusionlistnum   = 1
[LOG] SystemI::createSoundInternal             : exinfo->suggestedsoundtype = 5
[LOG] SystemI::createSoundInternal             : exinfo->useropen           = 00007FF9CAB50AD0
[LOG] SystemI::createSoundInternal             : exinfo->userclose          = 00007FF9CAB50AA0
[LOG] SystemI::createSoundInternal             : exinfo->userread           = 00007FF9CAB50BA0
[LOG] SystemI::createSoundInternal             : exinfo->userseek           = 00007FF9CAB50C60
[LOG] SystemI::createSoundInternal             : exinfo->fileuserdata       = 0000023925F196A8
[LOG] SystemI::createSoundInternal             : exinfo->initialseekpostype = 1
[LOG] SystemI::DSPCodecPoolRegister            : register codec pool for pool type 5
[LOG] SystemI::createSoundInternal             : Sample 0/1: name='88116-Combination_lock_turn_dial-BLASTWAVEFX-23537 - Trimmed', format=5, channels=2, frequency=48000, lengthbytes=5152, lengthpcm=16925, pcmblocksize=0, loopstart=0, loopend=0, mode=0x00000000, channelmask=0x00000000, channelorder=0, peakvolume=0.176422.
[LOG] SystemI::createSoundInternal             : Create name='', mode=0x02000202
[LOG] SystemI::createSoundInternal             : exinfo->cbsize             = 224
[LOG] SystemI::createSoundInternal             : exinfo->length             = 2389024
[LOG] SystemI::createSoundInternal             : exinfo->fileoffset         = 62848
[LOG] SystemI::createSoundInternal             : exinfo->numsubsounds       = 1
[LOG] SystemI::createSoundInternal             : exinfo->inclusionlist      = 000000AC011FEEB8
[LOG] SystemI::createSoundInternal             : exinfo->inclusionlistnum   = 1
[LOG] SystemI::createSoundInternal             : exinfo->suggestedsoundtype = 5
[LOG] SystemI::createSoundInternal             : exinfo->useropen           = 00007FF9CAB50AD0
[LOG] SystemI::createSoundInternal             : exinfo->userclose          = 00007FF9CAB50AA0
[LOG] SystemI::createSoundInternal             : exinfo->userread           = 00007FF9CAB50BA0
[LOG] SystemI::createSoundInternal             : exinfo->userseek           = 00007FF9CAB50C60
[LOG] SystemI::createSoundInternal             : exinfo->fileuserdata       = 0000023925F196A8
[LOG] SystemI::createSoundInternal             : exinfo->initialseekpostype = 1
[LOG] SystemI::DSPCodecPoolRegister            : register codec pool for pool type 5
[LOG] SystemI::createSoundInternal             : Sample 0/1: name='88116-Combination_lock_turn_dial-BLASTWAVEFX-23535 - Trimmed', format=5, channels=2, frequency=48000, lengthbytes=4256, lengthpcm=16739, pcmblocksize=0, loopstart=0, loopend=0, mode=0x00000000, channelmask=0x00000000, channelorder=0, peakvolume=0.216125.
[LOG] SystemI::createSoundInternal             : Create name='', mode=0x02000202
[LOG] SystemI::createSoundInternal             : exinfo->cbsize             = 224
[LOG] SystemI::createSoundInternal             : exinfo->length             = 2389024
[LOG] SystemI::createSoundInternal             : exinfo->fileoffset         = 62848
[LOG] SystemI::createSoundInternal             : exinfo->numsubsounds       = 1
[LOG] SystemI::createSoundInternal             : exinfo->inclusionlist      = 000000AC011FEEB8
[LOG] SystemI::createSoundInternal             : exinfo->inclusionlistnum   = 1
[LOG] SystemI::createSoundInternal             : exinfo->suggestedsoundtype = 5
[LOG] SystemI::createSoundInternal             : exinfo->useropen           = 00007FF9CAB50AD0
[LOG] SystemI::createSoundInternal             : exinfo->userclose          = 00007FF9CAB50AA0
[LOG] SystemI::createSoundInternal             : exinfo->userread           = 00007FF9CAB50BA0
[LOG] SystemI::createSoundInternal             : exinfo->userseek           = 00007FF9CAB50C60
[LOG] SystemI::createSoundInternal             : exinfo->fileuserdata       = 0000023925F196A8
[LOG] SystemI::createSoundInternal             : exinfo->initialseekpostype = 1
[LOG] SystemI::DSPCodecPoolRegister            : register codec pool for pool type 5
[LOG] SystemI::createSoundInternal             : Sample 0/1: name='88116-Combination_lock_turn_dial-BLASTWAVEFX-23536 - Trimmed', format=5, channels=2, frequency=48000, lengthbytes=5184, lengthpcm=18232, pcmblocksize=0, loopstart=0, loopend=0, mode=0x00000000, channelmask=0x00000000, channelorder=0, peakvolume=0.191650.
[LOG] SystemI::createSoundInternal             : Create name='', mode=0x02000202
[LOG] SystemI::createSoundInternal             : exinfo->cbsize             = 224
[LOG] SystemI::createSoundInternal             : exinfo->length             = 2389024
[LOG] SystemI::createSoundInternal             : exinfo->fileoffset         = 62848
[LOG] SystemI::createSoundInternal             : exinfo->numsubsounds       = 1
[LOG] SystemI::createSoundInternal             : exinfo->inclusionlist      = 000000AC011FEEB8
[LOG] SystemI::createSoundInternal             : exinfo->inclusionlistnum   = 1
[LOG] SystemI::createSoundInternal             : exinfo->suggestedsoundtype = 5
[LOG] SystemI::createSoundInternal             : exinfo->useropen           = 00007FF9CAB50AD0
[LOG] SystemI::createSoundInternal             : exinfo->userclose          = 00007FF9CAB50AA0
[LOG] SystemI::createSoundInternal             : exinfo->userread           = 00007FF9CAB50BA0
[LOG] SystemI::createSoundInternal             : exinfo->userseek           = 00007FF9CAB50C60
[LOG] SystemI::createSoundInternal             : exinfo->fileuserdata       = 0000023925F19288
[LOG] SystemI::createSoundInternal             : exinfo->initialseekpostype = 1
[LOG] SystemI::DSPCodecPoolRegister            : register codec pool for pool type 5
[LOG] SystemI::createSoundInternal             : Sample 0/1: name='286657-squeaky-wood-cabinet-D-door-open-close-02', format=5, channels=1, frequency=48000, lengthbytes=23136, lengthpcm=153466, pcmblocksize=0, loopstart=0, loopend=0, mode=0x00000000, channelmask=0x00000000, channelorder=0, peakvolume=0.459262.
[LOG] SystemI::createSoundInternal             : Create name='', mode=0x02000202
[LOG] SystemI::createSoundInternal             : exinfo->cbsize             = 224
[LOG] SystemI::createSoundInternal             : exinfo->length             = 2389024
[LOG] SystemI::createSoundInternal             : exinfo->fileoffset         = 62848
[LOG] SystemI::createSoundInternal             : exinfo->numsubsounds       = 1
[LOG] SystemI::createSoundInternal             : exinfo->inclusionlist      = 000000AC011FEEB8
[LOG] SystemI::createSoundInternal             : exinfo->inclusionlistnum   = 1
[LOG] SystemI::createSoundInternal             : exinfo->suggestedsoundtype = 5
[LOG] SystemI::createSoundInternal             : exinfo->useropen           = 00007FF9CAB50AD0
[LOG] SystemI::createSoundInternal             : exinfo->userclose          = 00007FF9CAB50AA0
[LOG] SystemI::createSoundInternal             : exinfo->userread           = 00007FF9CAB50BA0
[LOG] SystemI::createSoundInternal             : exinfo->userseek           = 00007FF9CAB50C60
[LOG] SystemI::createSoundInternal             : exinfo->fileuserdata       = 0000023925F19498
[LOG] SystemI::createSoundInternal             : exinfo->initialseekpostype = 1
[LOG] SystemI::DSPCodecPoolRegister            : register codec pool for pool type 5
[LOG] SystemI::createSoundInternal             : Sample 0/1: name='89264-Bathroom_drawer_under_sink_open-BLASTWAVEFX-24663', format=5, channels=2, frequency=48000, lengthbytes=14912, lengthpcm=78666, pcmblocksize=0, loopstart=0, loopend=0, mode=0x00000000, channelmask=0x00000000, channelorder=0, peakvolume=0.243256.
[LOG] SystemI::createSoundInternal             : Create name='', mode=0x02000202
[LOG] SystemI::createSoundInternal             : exinfo->cbsize             = 224
[LOG] SystemI::createSoundInternal             : exinfo->length             = 2389024
[LOG] SystemI::createSoundInternal             : exinfo->fileoffset         = 62848
[LOG] SystemI::createSoundInternal             : exinfo->numsubsounds       = 1
[LOG] SystemI::createSoundInternal             : exinfo->inclusionlist      = 000000AC011FEEB8
[LOG] SystemI::createSoundInternal             : exinfo->inclusionlistnum   = 1
[LOG] SystemI::createSoundInternal             : exinfo->suggestedsoundtype = 5
[LOG] SystemI::createSoundInternal             : exinfo->useropen           = 00007FF9CAB50AD0
[LOG] SystemI::createSoundInternal             : exinfo->userclose          = 00007FF9CAB50AA0
[LOG] SystemI::createSoundInternal             : exinfo->userread           = 00007FF9CAB50BA0
[LOG] SystemI::createSoundInternal             : exinfo->userseek           = 00007FF9CAB50C60
[LOG] SystemI::createSoundInternal             : exinfo->fileuserdata       = 0000023925F1A938
[LOG] SystemI::createSoundInternal             : exinfo->initialseekpostype = 1
[LOG] SystemI::DSPCodecPoolRegister            : register codec pool for pool type 5
[LOG] SystemI::createSoundInternal             : Sample 0/1: name='89603-Bathroom_drawer_open_hard-BLASTWAVEFX-24650', format=5, channels=2, frequency=48000, lengthbytes=11744, lengthpcm=53397, pcmblocksize=0, loopstart=0, loopend=0, mode=0x00000000, channelmask=0x00000000, channelorder=0, peakvolume=0.909698.
[LOG] SystemI::createSoundInternal             : Create name='', mode=0x02000202
[LOG] SystemI::createSoundInternal             : exinfo->cbsize             = 224
[LOG] SystemI::createSoundInternal             : exinfo->length             = 2389024
[LOG] SystemI::createSoundInternal             : exinfo->fileoffset         = 62848
[LOG] SystemI::createSoundInternal             : exinfo->numsubsounds       = 1
[LOG] SystemI::createSoundInternal             : exinfo->inclusionlist      = 000000AC011FEEB8
[LOG] SystemI::createSoundInternal             : exinfo->inclusionlistnum   = 1
[LOG] SystemI::createSoundInternal             : exinfo->suggestedsoundtype = 5
[LOG] SystemI::createSoundInternal             : exinfo->useropen           = 00007FF9CAB50AD0
[LOG] SystemI::createSoundInternal             : exinfo->userclose          = 00007FF9CAB50AA0
[LOG] SystemI::createSoundInternal             : exinfo->userread           = 00007FF9CAB50BA0
[LOG] SystemI::createSoundInternal             : exinfo->userseek           = 00007FF9CAB50C60
[LOG] SystemI::createSoundInternal             : exinfo->fileuserdata       = 0000023925F1A938
[LOG] SystemI::createSoundInternal             : exinfo->initialseekpostype = 1
[LOG] SystemI::DSPCodecPoolRegister            : register codec pool for pool type 5
[LOG] SystemI::createSoundInternal             : Sample 0/1: name='25012-DRAWER-OPEN-SMALL', format=5, channels=2, frequency=48000, lengthbytes=8384, lengthpcm=36463, pcmblocksize=0, loopstart=0, loopend=0, mode=0x00000000, channelmask=0x00000000, channelorder=0, peakvolume=0.032357.
[LOG] SystemI::createSoundInternal             : Create name='', mode=0x02000202
[LOG] SystemI::createSoundInternal             : exinfo->cbsize             = 224
[LOG] SystemI::createSoundInternal             : exinfo->length             = 2389024
[LOG] SystemI::createSoundInternal             : exinfo->fileoffset         = 62848
[LOG] SystemI::createSoundInternal             : exinfo->numsubsounds       = 1
[LOG] SystemI::createSoundInternal             : exinfo->inclusionlist      = 000000AC011FEEB8
[LOG] SystemI::createSoundInternal             : exinfo->inclusionlistnum   = 1
[LOG] SystemI::createSoundInternal             : exinfo->suggestedsoundtype = 5
[LOG] SystemI::createSoundInternal             : exinfo->useropen           = 00007FF9CAB50AD0
[LOG] SystemI::createSoundInternal             : exinfo->userclose          = 00007FF9CAB50AA0
[LOG] SystemI::createSoundInternal             : exinfo->userread           = 00007FF9CAB50BA0
[LOG] SystemI::createSoundInternal             : exinfo->userseek           = 00007FF9CAB50C60
[LOG] SystemI::createSoundInternal             : exinfo->fileuserdata       = 0000023925F19288
[LOG] SystemI::createSoundInternal             : exinfo->initialseekpostype = 1
[LOG] SystemI::DSPCodecPoolRegister            : register codec pool for pool type 5
[LOG] SystemI::createSoundInternal             : Sample 0/1: name='534158-RANDOM_Footsteps_concrete_sneakers_normal_step - Trimmed', format=5, channels=2, frequency=48000, lengthbytes=5632, lengthpcm=20216, pcmblocksize=0, loopstart=0, loopend=0, mode=0x00000000, channelmask=0x00000000, channelorder=0, peakvolume=0.646118.
[LOG] SystemI::createSoundInternal             : Create name='', mode=0x02000202
[LOG] SystemI::createSoundInternal             : exinfo->cbsize             = 224
[LOG] SystemI::createSoundInternal             : exinfo->length             = 2389024
[LOG] SystemI::createSoundInternal             : exinfo->fileoffset         = 62848
[LOG] SystemI::createSoundInternal             : exinfo->numsubsounds       = 1
[LOG] SystemI::createSoundInternal             : exinfo->inclusionlist      = 000000AC011FEEB8
[LOG] SystemI::createSoundInternal             : exinfo->inclusionlistnum   = 1
[LOG] SystemI::createSoundInternal             : exinfo->suggestedsoundtype = 5
[LOG] SystemI::createSoundInternal             : exinfo->useropen           = 00007FF9CAB50AD0
[LOG] SystemI::createSoundInternal             : exinfo->userclose          = 00007FF9CAB50AA0
[LOG] SystemI::createSoundInternal             : exinfo->userread           = 00007FF9CAB50BA0
[LOG] SystemI::createSoundInternal             : exinfo->userseek           = 00007FF9CAB50C60
[LOG] SystemI::createSoundInternal             : exinfo->fileuserdata       = 0000023925F19288
[LOG] SystemI::createSoundInternal             : exinfo->initialseekpostype = 1
[LOG] SystemI::DSPCodecPoolRegister            : register codec pool for pool type 5
[LOG] SystemI::createSoundInternal             : Sample 0/1: name='534157-RANDOM_Footsteps_concrete_sneakers_normal_step - Trimmed', format=5, channels=2, frequency=48000, lengthbytes=5568, lengthpcm=19500, pcmblocksize=0, loopstart=0, loopend=0, mode=0x00000000, channelmask=0x00000000, channelorder=0, peakvolume=0.646027.
[LOG] SystemI::createSoundInternal             : Create name='', mode=0x02000202
[LOG] SystemI::createSoundInternal             : exinfo->cbsize             = 224
[LOG] SystemI::createSoundInternal             : exinfo->length             = 2389024
[LOG] SystemI::createSoundInternal             : exinfo->fileoffset         = 62848
[LOG] SystemI::createSoundInternal             : exinfo->numsubsounds       = 1
[LOG] SystemI::createSoundInternal             : exinfo->inclusionlist      = 000000AC011FEEB8
[LOG] SystemI::createSoundInternal             : exinfo->inclusionlistnum   = 1
[LOG] SystemI::createSoundInternal             : exinfo->suggestedsoundtype = 5
[LOG] SystemI::createSoundInternal             : exinfo->useropen           = 00007FF9CAB50AD0
[LOG] SystemI::createSoundInternal             : exinfo->userclose          = 00007FF9CAB50AA0
[LOG] SystemI::createSoundInternal             : exinfo->userread           = 00007FF9CAB50BA0
[LOG] SystemI::createSoundInternal             : exinfo->userseek           = 00007FF9CAB50C60
[LOG] SystemI::createSoundInternal             : exinfo->fileuserdata       = 0000023925F19288
[LOG] SystemI::createSoundInternal             : exinfo->initialseekpostype = 1
[LOG] SystemI::DSPCodecPoolRegister            : register codec pool for pool type 5
[LOG] SystemI::createSoundInternal             : Sample 0/1: name='534156-RANDOM_Footsteps_concrete_sneakers_normal_step - Trimmed', format=5, channels=2, frequency=48000, lengthbytes=5760, lengthpcm=20216, pcmblocksize=0, loopstart=0, loopend=0, mode=0x00000000, channelmask=0x00000000, channelorder=0, peakvolume=0.639435.
[LOG] SystemI::createSoundInternal             : Create name='', mode=0x02000202
[LOG] SystemI::createSoundInternal             : exinfo->cbsize             = 224
[LOG] SystemI::createSoundInternal             : exinfo->length             = 2389024
[LOG] SystemI::createSoundInternal             : exinfo->fileoffset         = 62848
[LOG] SystemI::createSoundInternal             : exinfo->numsubsounds       = 1
[LOG] SystemI::createSoundInternal             : exinfo->inclusionlist      = 000000AC011FEEB8
[LOG] SystemI::createSoundInternal             : exinfo->inclusionlistnum   = 1
[LOG] SystemI::createSoundInternal             : exinfo->suggestedsoundtype = 5
[LOG] SystemI::createSoundInternal             : exinfo->useropen           = 00007FF9CAB50AD0
[LOG] SystemI::createSoundInternal             : exinfo->userclose          = 00007FF9CAB50AA0
[LOG] SystemI::createSoundInternal             : exinfo->userread           = 00007FF9CAB50BA0
[LOG] SystemI::createSoundInternal             : exinfo->userseek           = 00007FF9CAB50C60
[LOG] SystemI::createSoundInternal             : exinfo->fileuserdata       = 0000023925F19288
[LOG] SystemI::createSoundInternal             : exinfo->initialseekpostype = 1
[LOG] SystemI::DSPCodecPoolRegister            : register codec pool for pool type 5
[LOG] SystemI::createSoundInternal             : Sample 0/1: name='108402-Flint_lighter-AOS01755', format=5, channels=2, frequency=48000, lengthbytes=3840, lengthpcm=16999, pcmblocksize=0, loopstart=0, loopend=0, mode=0x00000000, channelmask=0x00000000, channelorder=0, peakvolume=0.999969.
[LOG] SystemI::createSoundInternal             : Create name='', mode=0x02000202
[LOG] SystemI::createSoundInternal             : exinfo->cbsize             = 224
[LOG] SystemI::createSoundInternal             : exinfo->length             = 2389024
[LOG] SystemI::createSoundInternal             : exinfo->fileoffset         = 62848
[LOG] SystemI::createSoundInternal             : exinfo->numsubsounds       = 1
[LOG] SystemI::createSoundInternal             : exinfo->inclusionlist      = 000000AC011FEEB8
[LOG] SystemI::createSoundInternal             : exinfo->inclusionlistnum   = 1
[LOG] SystemI::createSoundInternal             : exinfo->suggestedsoundtype = 5
[LOG] SystemI::createSoundInternal             : exinfo->useropen           = 00007FF9CAB50AD0
[LOG] SystemI::createSoundInternal             : exinfo->userclose          = 00007FF9CAB50AA0
[LOG] SystemI::createSoundInternal             : exinfo->userread           = 00007FF9CAB50BA0
[LOG] SystemI::createSoundInternal             : exinfo->userseek           = 00007FF9CAB50C60
[LOG] SystemI::createSoundInternal             : exinfo->fileuserdata       = 0000023925F1A938
[LOG] SystemI::createSoundInternal             : exinfo->initialseekpostype = 1
[LOG] SystemI::DSPCodecPoolRegister            : register codec pool for pool type 5
[LOG] SystemI::createSoundInternal             : Sample 0/1: name='50558-FOLEY_METAL_OBJECT_DRAG_ON_CEMENT_LONG_01', format=5, channels=2, frequency=48000, lengthbytes=94304, lengthpcm=441999, pcmblocksize=0, loopstart=0, loopend=0, mode=0x00000000, channelmask=0x00000000, channelorder=0, peakvolume=0.397675.
[LOG] SystemI::createSound                     : filename = Assets/Audio/fmod/Build/Desktop/SFX.bank : mode 02010082
[LOG] SystemI::createSound                     : FMOD_NONBLOCKING specified.  Putting into queue to be opened asynchronously!
[LOG] Thread::initThread                       : Init FMOD nonblocking thread (0). Affinity: 0x4000000000000003, Priority: 0xFFFF7FFC, Stack Size: 114688, Semaphore: Yes, Sleep Time: 0, Looping: Yes.
[LOG] SystemI::createSound                     : setdata soundi = 0000023925AFA6E8 : node = 000002389D77FFB0
[LOG] SystemI::createSound                     : add node to async list : head = 0000023846470C18.  list count = 0
[LOG] AsyncThread::threadFunc                  : Starting Asynchronous operation on sound 0000023925AFA6E8
[LOG] SystemI::createSoundInternal             :     Create name='Assets/Audio/fmod/Build/Desktop/SFX.bank', mode=0x02010082
[LOG] SystemI::createSoundInternal             :     exinfo->cbsize             = 224
[LOG] SystemI::createSoundInternal             :     exinfo->length             = 2389024
[LOG] SystemI::createSoundInternal             :     exinfo->fileoffset         = 62848
[LOG] SystemI::createSoundInternal             :     exinfo->numsubsounds       = 1
[LOG] SystemI::createSoundInternal             :     exinfo->inclusionlist      = 000002389D7800C0
[LOG] SystemI::createSoundInternal             :     exinfo->inclusionlistnum   = 1
[LOG] SystemI::createSoundInternal             :     exinfo->suggestedsoundtype = 5
[LOG] SystemI::createSoundInternal             :     exinfo->initialseekpostype = 1
[LOG] SystemI::createSoundInternal             :     Stream 0/1: name='90853-LFE_impact_rumble_bass_low_long_constant-BLASTWAVEFX-26228', format=5, channels=2, frequency=48000, lengthbytes=485664, lengthpcm=5767620, pcmblocksize=0, loopstart=0, loopend=0, mode=0x00000000, channelmask=0x00000000, channelorder=0, peakvolume=0.944977.
[LOG] Thread::initThread                       :     Init FMOD file thread. Affinity: 0x4000000000000003, Priority: 0xFFFF7FFC, Stack Size: 65536, Semaphore: No, Sleep Time: 10, Looping: Yes.
[LOG] AsyncThread::threadFunc                  : Finished Asynchronous operation on sound 0000023925AFA6E8
[LOG] SystemI::createSound                     : filename = Assets/Audio/fmod/Build/Desktop/SFX.bank : mode 02010082
[LOG] SystemI::createSound                     : FMOD_NONBLOCKING specified.  Putting into queue to be opened asynchronously!
[LOG] SystemI::createSound                     : setdata soundi = 0000023925AF5438 : node = 000002389D7800F0
[LOG] SystemI::createSound                     : add node to async list : head = 0000023846470C18.  list count = 0
[LOG] AsyncThread::threadFunc                  : Starting Asynchronous operation on sound 0000023925AF5438
[LOG] SystemI::createSoundInternal             :     Create name='Assets/Audio/fmod/Build/Desktop/SFX.bank', mode=0x02010082
[LOG] SystemI::createSoundInternal             :     exinfo->cbsize             = 224
[LOG] SystemI::createSoundInternal             :     exinfo->length             = 2389024
[LOG] SystemI::createSoundInternal             :     exinfo->fileoffset         = 62848
[LOG] SystemI::createSoundInternal             :     exinfo->numsubsounds       = 1
[LOG] SystemI::createSoundInternal             :     exinfo->inclusionlist      = 000002389D780200
[LOG] SystemI::createSoundInternal             :     exinfo->inclusionlistnum   = 1
[LOG] SystemI::createSoundInternal             :     exinfo->suggestedsoundtype = 5
[LOG] SystemI::createSoundInternal             :     exinfo->initialseekpostype = 1
[LOG] SystemI::createSoundInternal             :     Stream 0/1: name='90853-LFE_impact_rumble_bass_low_long_constant-BLASTWAVEFX-26228', format=5, channels=2, frequency=48000, lengthbytes=485664, lengthpcm=5767620, pcmblocksize=0, loopstart=0, loopend=0, mode=0x00000000, channelmask=0x00000000, channelorder=0, peakvolume=0.944977.
[LOG] AsyncThread::threadFunc                  : Finished Asynchronous operation on sound 0000023925AF5438
[LOG] SoundI::release                          : 90853-LFE_impact_rumble_bass_low_long_constant-BLASTWAVEFX-26228 (0000023925AFA6E8)
[LOG] SoundI::release                          :     90853-LFE_impact_rumble_bass_low_long_constant-BLASTWAVEFX-26228 (000002389D8776F8)
[LOG] SoundI::release                          :     90853-LFE_impact_rumble_bass_low_long_constant-BLASTWAVEFX-26228 (0000023925AFAA48)
[LOG] SoundI::release                          : 90853-LFE_impact_rumble_bass_low_long_constant-BLASTWAVEFX-26228 (0000023925AF5438)
[LOG] SoundI::release                          :     90853-LFE_impact_rumble_bass_low_long_constant-BLASTWAVEFX-26228 (000002389D878738)
[LOG] SoundI::release                          :     90853-LFE_impact_rumble_bass_low_long_constant-BLASTWAVEFX-26228 (0000023925AF8BE8)
[LOG] SystemI::createSoundInternal             : Create name='', mode=0x02000202
[LOG] SystemI::createSoundInternal             : exinfo->cbsize             = 224
[LOG] SystemI::createSoundInternal             : exinfo->length             = 2389024
[LOG] SystemI::createSoundInternal             : exinfo->fileoffset         = 62848
[LOG] SystemI::createSoundInternal             : exinfo->numsubsounds       = 1
[LOG] SystemI::createSoundInternal             : exinfo->inclusionlist      = 000000AC011FEEB8
[LOG] SystemI::createSoundInternal             : exinfo->inclusionlistnum   = 1
[LOG] SystemI::createSoundInternal             : exinfo->suggestedsoundtype = 5
[LOG] SystemI::createSoundInternal             : exinfo->useropen           = 00007FF9CAB50AD0
[LOG] SystemI::createSoundInternal             : exinfo->userclose          = 00007FF9CAB50AA0
[LOG] SystemI::createSoundInternal             : exinfo->userread           = 00007FF9CAB50BA0
[LOG] SystemI::createSoundInternal             : exinfo->userseek           = 00007FF9CAB50C60
[LOG] SystemI::createSoundInternal             : exinfo->fileuserdata       = 0000023925F1A938
[LOG] SystemI::createSoundInternal             : exinfo->initialseekpostype = 1
[LOG] SystemI::DSPCodecPoolRegister            : register codec pool for pool type 5
[LOG] SystemI::createSoundInternal             : Sample 0/1: name='517916-Crash-Wood-Crack_to_Burst-Medium', format=5, channels=2, frequency=48000, lengthbytes=51680, lengthpcm=156160, pcmblocksize=0, loopstart=0, loopend=0, mode=0x00000000, channelmask=0x00000000, channelorder=0, peakvolume=0.782518.
[LOG] SoundI::release                          :  (000002394A2D0AB8)
[LOG] SoundI::release                          :     515477-Switch-Metal_push_button-Push-Fast (00000238BFB84B28)
[LOG] SoundI::release                          :  (000002394A2CFDC8)
[LOG] SoundI::release                          :     442486-Old_Clock_Clank_013 (00000238BFB87708)
[LOG] SoundI::release                          :  (000002394A2CE558)
[LOG] SoundI::release                          :     219287-Buttons-Switches-057 (00000238BFB859C8)
[LOG] SystemI::createSoundInternal             : Create name='', mode=0x02000202
[LOG] SystemI::createSoundInternal             : exinfo->cbsize             = 224
[LOG] SystemI::createSoundInternal             : exinfo->length             = 2389024
[LOG] SystemI::createSoundInternal             : exinfo->fileoffset         = 62848
[LOG] SystemI::createSoundInternal             : exinfo->numsubsounds       = 1
[LOG] SystemI::createSoundInternal             : exinfo->inclusionlist      = 000000AC011FEEB8
[LOG] SystemI::createSoundInternal             : exinfo->inclusionlistnum   = 1
[LOG] SystemI::createSoundInternal             : exinfo->suggestedsoundtype = 5
[LOG] SystemI::createSoundInternal             : exinfo->useropen           = 00007FF9CAB50AD0
[LOG] SystemI::createSoundInternal             : exinfo->userclose          = 00007FF9CAB50AA0
[LOG] SystemI::createSoundInternal             : exinfo->userread           = 00007FF9CAB50BA0
[LOG] SystemI::createSoundInternal             : exinfo->userseek           = 00007FF9CAB50C60
[LOG] SystemI::createSoundInternal             : exinfo->fileuserdata       = 0000023925F1A938
[LOG] SystemI::createSoundInternal             : exinfo->initialseekpostype = 1
[LOG] SystemI::DSPCodecPoolRegister            : register codec pool for pool type 5
[LOG] SystemI::createSoundInternal             : Sample 0/1: name='541758-zapsplat-foley-cardboard-box-empty-drop-hard-ground-001-53301', format=5, channels=2, frequency=48000, lengthbytes=6912, lengthpcm=27077, pcmblocksize=0, loopstart=0, loopend=0, mode=0x00000000, channelmask=0x00000000, channelorder=0, peakvolume=0.707000.
[LOG] SystemI::createSoundInternal             : Create name='', mode=0x02000202
[LOG] SystemI::createSoundInternal             : exinfo->cbsize             = 224
[LOG] SystemI::createSoundInternal             : exinfo->length             = 2389024
[LOG] SystemI::createSoundInternal             : exinfo->fileoffset         = 62848
[LOG] SystemI::createSoundInternal             : exinfo->numsubsounds       = 1
[LOG] SystemI::createSoundInternal             : exinfo->inclusionlist      = 000000AC011FEEB8
[LOG] SystemI::createSoundInternal             : exinfo->inclusionlistnum   = 1
[LOG] SystemI::createSoundInternal             : exinfo->suggestedsoundtype = 5
[LOG] SystemI::createSoundInternal             : exinfo->useropen           = 00007FF9CAB50AD0
[LOG] SystemI::createSoundInternal             : exinfo->userclose          = 00007FF9CAB50AA0
[LOG] SystemI::createSoundInternal             : exinfo->userread           = 00007FF9CAB50BA0
[LOG] SystemI::createSoundInternal             : exinfo->userseek           = 00007FF9CAB50C60
[LOG] SystemI::createSoundInternal             : exinfo->fileuserdata       = 0000023925F1A938
[LOG] SystemI::createSoundInternal             : exinfo->initialseekpostype = 1
[LOG] SystemI::DSPCodecPoolRegister            : register codec pool for pool type 5
[LOG] SystemI::createSoundInternal             : Sample 0/1: name='5499-Drop-Wood-Plank-2-HardSurface-Light-01 - Trimmed', format=5, channels=1, frequency=48000, lengthbytes=1152, lengthpcm=5099, pcmblocksize=0, loopstart=0, loopend=0, mode=0x00000000, channelmask=0x00000000, channelorder=0, peakvolume=0.341858.
[LOG] SystemI::createSoundInternal             : Create name='', mode=0x02000202
[LOG] SystemI::createSoundInternal             : exinfo->cbsize             = 224
[LOG] SystemI::createSoundInternal             : exinfo->length             = 2389024
[LOG] SystemI::createSoundInternal             : exinfo->fileoffset         = 62848
[LOG] SystemI::createSoundInternal             : exinfo->numsubsounds       = 1
[LOG] SystemI::createSoundInternal             : exinfo->inclusionlist      = 000000AC011FEEB8
[LOG] SystemI::createSoundInternal             : exinfo->inclusionlistnum   = 1
[LOG] SystemI::createSoundInternal             : exinfo->suggestedsoundtype = 5
[LOG] SystemI::createSoundInternal             : exinfo->useropen           = 00007FF9CAB50AD0
[LOG] SystemI::createSoundInternal             : exinfo->userclose          = 00007FF9CAB50AA0
[LOG] SystemI::createSoundInternal             : exinfo->userread           = 00007FF9CAB50BA0
[LOG] SystemI::createSoundInternal             : exinfo->userseek           = 00007FF9CAB50C60
[LOG] SystemI::createSoundInternal             : exinfo->fileuserdata       = 0000023925F1A938
[LOG] SystemI::createSoundInternal             : exinfo->initialseekpostype = 1
[LOG] SystemI::DSPCodecPoolRegister            : register codec pool for pool type 5
[LOG] SystemI::createSoundInternal             : Sample 0/1: name='5600-Drop-Wood-Cluster-HardSurface-Heavy-02 - Trimmed', format=5, channels=1, frequency=48000, lengthbytes=1856, lengthpcm=8056, pcmblocksize=0, loopstart=0, loopend=0, mode=0x00000000, channelmask=0x00000000, channelorder=0, peakvolume=0.396667.
[LOG] SystemI::createSoundInternal             : Create name='', mode=0x02000202
[LOG] SystemI::createSoundInternal             : exinfo->cbsize             = 224
[LOG] SystemI::createSoundInternal             : exinfo->length             = 2389024
[LOG] SystemI::createSoundInternal             : exinfo->fileoffset         = 62848
[LOG] SystemI::createSoundInternal             : exinfo->numsubsounds       = 1
[LOG] SystemI::createSoundInternal             : exinfo->inclusionlist      = 000000AC011FEEB8
[LOG] SystemI::createSoundInternal             : exinfo->inclusionlistnum   = 1
[LOG] SystemI::createSoundInternal             : exinfo->suggestedsoundtype = 5
[LOG] SystemI::createSoundInternal             : exinfo->useropen           = 00007FF9CAB50AD0
[LOG] SystemI::createSoundInternal             : exinfo->userclose          = 00007FF9CAB50AA0
[LOG] SystemI::createSoundInternal             : exinfo->userread           = 00007FF9CAB50BA0
[LOG] SystemI::createSoundInternal             : exinfo->userseek           = 00007FF9CAB50C60
[LOG] SystemI::createSoundInternal             : exinfo->fileuserdata       = 0000023925F1A938
[LOG] SystemI::createSoundInternal             : exinfo->initialseekpostype = 1
[LOG] SystemI::DSPCodecPoolRegister            : register codec pool for pool type 5
[LOG] SystemI::createSoundInternal             : Sample 0/1: name='5608-Drop-Wood-Plank-2-SoftSurface-Medium-01 - Trimmed', format=5, channels=1, frequency=48000, lengthbytes=1536, lengthpcm=7499, pcmblocksize=0, loopstart=0, loopend=0, mode=0x00000000, channelmask=0x00000000, channelorder=0, peakvolume=0.272278.
[LOG] SoundI::release                          :  (000002394A2CEF68)
[LOG] SoundI::release                          :     201657-EFX_INT_Combination_Two_Metal_03_A - Trimmed (00000238BFB878A8)
[LOG] SystemI::createSound                     : filename = Assets/Audio/fmod/Build/Desktop/SFX.bank : mode 02010082
[LOG] SystemI::createSound                     : FMOD_NONBLOCKING specified.  Putting into queue to be opened asynchronously!
[LOG] SystemI::createSound                     : setdata soundi = 0000023925AF5438 : node = 000002389D7800F0
[LOG] SystemI::createSound                     : add node to async list : head = 0000023846470C18.  list count = 0
[LOG] AsyncThread::threadFunc                  : Starting Asynchronous operation on sound 0000023925AF5438
[LOG] SystemI::createSoundInternal             :     Create name='Assets/Audio/fmod/Build/Desktop/SFX.bank', mode=0x02010082
[LOG] SystemI::createSoundInternal             :     exinfo->cbsize             = 224
[LOG] SystemI::createSoundInternal             :     exinfo->length             = 2389024
[LOG] SystemI::createSoundInternal             :     exinfo->fileoffset         = 62848
[LOG] SystemI::createSoundInternal             :     exinfo->numsubsounds       = 1
[LOG] SystemI::createSoundInternal             :     exinfo->inclusionlist      = 000002389D780200
[LOG] SystemI::createSoundInternal             :     exinfo->inclusionlistnum   = 1
[LOG] SystemI::createSoundInternal             :     exinfo->suggestedsoundtype = 5
[LOG] SystemI::createSoundInternal             :     exinfo->initialseekpostype = 1
[LOG] SystemI::createSoundInternal             :     Stream 0/1: name='92252-Telephone_speakerphone_busy_signal_loop-BLASTWAVEFX-28061', format=5, channels=2, frequency=48000, lengthbytes=300416, lengthpcm=1533617, pcmblocksize=0, loopstart=0, loopend=0, mode=0x00000000, channelmask=0x00000000, channelorder=0, peakvolume=0.037323.
[LOG] AsyncThread::threadFunc                  : Finished Asynchronous operation on sound 0000023925AF5438
[LOG] SoundI::release                          : 92252-Telephone_speakerphone_busy_signal_loop-BLASTWAVEFX-28061 (0000023925AF5438)
[LOG] SoundI::release                          :     92252-Telephone_speakerphone_busy_signal_loop-BLASTWAVEFX-28061 (000002389D877078)
[LOG] SoundI::release                          :     92252-Telephone_speakerphone_busy_signal_loop-BLASTWAVEFX-28061 (0000023925AFA6E8)
[LOG] SystemI::createSoundInternal             : Create name='', mode=0x02000202
[LOG] SystemI::createSoundInternal             : exinfo->cbsize             = 224
[LOG] SystemI::createSoundInternal             : exinfo->length             = 2389024
[LOG] SystemI::createSoundInternal             : exinfo->fileoffset         = 62848
[LOG] SystemI::createSoundInternal             : exinfo->numsubsounds       = 1
[LOG] SystemI::createSoundInternal             : exinfo->inclusionlist      = 000000AC011FEEB8
[LOG] SystemI::createSoundInternal             : exinfo->inclusionlistnum   = 1
[LOG] SystemI::createSoundInternal             : exinfo->suggestedsoundtype = 5
[LOG] SystemI::createSoundInternal             : exinfo->useropen           = 00007FF9CAB50AD0
[LOG] SystemI::createSoundInternal             : exinfo->userclose          = 00007FF9CAB50AA0
[LOG] SystemI::createSoundInternal             : exinfo->userread           = 00007FF9CAB50BA0
[LOG] SystemI::createSoundInternal             : exinfo->userseek           = 00007FF9CAB50C60
[LOG] SystemI::createSoundInternal             : exinfo->fileuserdata       = 0000023898003EF8
[LOG] SystemI::createSoundInternal             : exinfo->initialseekpostype = 1
[LOG] SystemI::DSPCodecPoolRegister            : register codec pool for pool type 5
[LOG] SystemI::createSoundInternal             : Sample 0/1: name='414987-Announcer_Saying_That_Is_Correct', format=5, channels=2, frequency=48000, lengthbytes=18208, lengthpcm=69300, pcmblocksize=0, loopstart=0, loopend=0, mode=0x00000000, channelmask=0x00000000, channelorder=0, peakvolume=0.910331.
[LOG] SoundI::release                          :  (000002394A2D0218)
[LOG] SoundI::release                          :     201657-EFX_INT_Combination_Two_Metal_02_A - Trimmed (00000238BFB847E8)
[LOG] SoundI::release                          :  (000002394A2CE6C8)
[LOG] SoundI::release                          :     88116-Combination_lock_turn_dial-BLASTWAVEFX-23535 - Trimmed (00000238BFB85348)
[LOG] SoundI::release                          :  (000002394A2CD2A8)
[LOG] SoundI::release                          :     88116-Combination_lock_turn_dial-BLASTWAVEFX-23536 - Trimmed (00000238BFB86528)
[LOG] SystemI::createSoundInternal             : Create name='', mode=0x02000202
[LOG] SystemI::createSoundInternal             : exinfo->cbsize             = 224
[LOG] SystemI::createSoundInternal             : exinfo->length             = 2389024
[LOG] SystemI::createSoundInternal             : exinfo->fileoffset         = 62848
[LOG] SystemI::createSoundInternal             : exinfo->numsubsounds       = 1
[LOG] SystemI::createSoundInternal             : exinfo->inclusionlist      = 000000AC011FEEB8
[LOG] SystemI::createSoundInternal             : exinfo->inclusionlistnum   = 1
[LOG] SystemI::createSoundInternal             : exinfo->suggestedsoundtype = 5
[LOG] SystemI::createSoundInternal             : exinfo->useropen           = 00007FF9CAB50AD0
[LOG] SystemI::createSoundInternal             : exinfo->userclose          = 00007FF9CAB50AA0
[LOG] SystemI::createSoundInternal             : exinfo->userread           = 00007FF9CAB50BA0
[LOG] SystemI::createSoundInternal             : exinfo->userseek           = 00007FF9CAB50C60
[LOG] SystemI::createSoundInternal             : exinfo->fileuserdata       = 0000023898004528
[LOG] SystemI::createSoundInternal             : exinfo->initialseekpostype = 1
[LOG] SystemI::DSPCodecPoolRegister            : register codec pool for pool type 5
[LOG] SystemI::createSoundInternal             : Sample 0/1: name='124259-Telephone_tone-dial_0_medium', format=5, channels=2, frequency=48000, lengthbytes=2528, lengthpcm=24520, pcmblocksize=0, loopstart=0, loopend=0, mode=0x00000000, channelmask=0x00000000, channelorder=0, peakvolume=0.200012.
[LOG] SoundI::release                          :  (000002394A2D04F8)
[LOG] SoundI::release                          :     88116-Combination_lock_turn_dial-BLASTWAVEFX-23537 - Trimmed (00000238BFB84E68)
[LOG] SystemI::createSoundInternal             : Create name='', mode=0x02000202
[LOG] SystemI::createSoundInternal             : exinfo->cbsize             = 224
[LOG] SystemI::createSoundInternal             : exinfo->length             = 2389024
[LOG] SystemI::createSoundInternal             : exinfo->fileoffset         = 62848
[LOG] SystemI::createSoundInternal             : exinfo->numsubsounds       = 1
[LOG] SystemI::createSoundInternal             : exinfo->inclusionlist      = 000000AC011FEEB8
[LOG] SystemI::createSoundInternal             : exinfo->inclusionlistnum   = 1
[LOG] SystemI::createSoundInternal             : exinfo->suggestedsoundtype = 5
[LOG] SystemI::createSoundInternal             : exinfo->useropen           = 00007FF9CAB50AD0
[LOG] SystemI::createSoundInternal             : exinfo->userclose          = 00007FF9CAB50AA0
[LOG] SystemI::createSoundInternal             : exinfo->userread           = 00007FF9CAB50BA0
[LOG] SystemI::createSoundInternal             : exinfo->userseek           = 00007FF9CAB50C60
[LOG] SystemI::createSoundInternal             : exinfo->fileuserdata       = 0000023898003EF8
[LOG] SystemI::createSoundInternal             : exinfo->initialseekpostype = 1
[LOG] SystemI::DSPCodecPoolRegister            : register codec pool for pool type 5
[LOG] SystemI::createSoundInternal             : Sample 0/1: name='124261-Telephone_tone-dial_2_medium', format=5, channels=2, frequency=48000, lengthbytes=2720, lengthpcm=24520, pcmblocksize=0, loopstart=0, loopend=0, mode=0x00000000, channelmask=0x00000000, channelorder=0, peakvolume=0.200165.
[LOG] SystemI::createSoundInternal             : Create name='', mode=0x02000202
[LOG] SystemI::createSoundInternal             : exinfo->cbsize             = 224
[LOG] SystemI::createSoundInternal             : exinfo->length             = 2389024
[LOG] SystemI::createSoundInternal             : exinfo->fileoffset         = 62848
[LOG] SystemI::createSoundInternal             : exinfo->numsubsounds       = 1
[LOG] SystemI::createSoundInternal             : exinfo->inclusionlist      = 000000AC011FEEB8
[LOG] SystemI::createSoundInternal             : exinfo->inclusionlistnum   = 1
[LOG] SystemI::createSoundInternal             : exinfo->suggestedsoundtype = 5
[LOG] SystemI::createSoundInternal             : exinfo->useropen           = 00007FF9CAB50AD0
[LOG] SystemI::createSoundInternal             : exinfo->userclose          = 00007FF9CAB50AA0
[LOG] SystemI::createSoundInternal             : exinfo->userread           = 00007FF9CAB50BA0
[LOG] SystemI::createSoundInternal             : exinfo->userseek           = 00007FF9CAB50C60
[LOG] SystemI::createSoundInternal             : exinfo->fileuserdata       = 0000023925F1A938
[LOG] SystemI::createSoundInternal             : exinfo->initialseekpostype = 1
[LOG] SystemI::DSPCodecPoolRegister            : register codec pool for pool type 5
[LOG] SystemI::createSoundInternal             : Sample 0/1: name='124262-Telephone_tone-dial_pound_or_number_medium', format=5, channels=2, frequency=48000, lengthbytes=2400, lengthpcm=24520, pcmblocksize=0, loopstart=0, loopend=0, mode=0x00000000, channelmask=0x00000000, channelorder=0, peakvolume=0.200134.
[LOG] SoundI::release                          :  (000002394A2D0668)
[LOG] SoundI::release                          :     286657-squeaky-wood-cabinet-D-door-open-close-02 (00000238BFB866C8)
[LOG] SystemI::createSoundInternal             : Create name='', mode=0x02000202
[LOG] SystemI::createSoundInternal             : exinfo->cbsize             = 224
[LOG] SystemI::createSoundInternal             : exinfo->length             = 2389024
[LOG] SystemI::createSoundInternal             : exinfo->fileoffset         = 62848
[LOG] SystemI::createSoundInternal             : exinfo->numsubsounds       = 1
[LOG] SystemI::createSoundInternal             : exinfo->inclusionlist      = 000000AC011FEEB8
[LOG] SystemI::createSoundInternal             : exinfo->inclusionlistnum   = 1
[LOG] SystemI::createSoundInternal             : exinfo->suggestedsoundtype = 5
[LOG] SystemI::createSoundInternal             : exinfo->useropen           = 00007FF9CAB50AD0
[LOG] SystemI::createSoundInternal             : exinfo->userclose          = 00007FF9CAB50AA0
[LOG] SystemI::createSoundInternal             : exinfo->userread           = 00007FF9CAB50BA0
[LOG] SystemI::createSoundInternal             : exinfo->userseek           = 00007FF9CAB50C60
[LOG] SystemI::createSoundInternal             : exinfo->fileuserdata       = 0000023925F1AB48
[LOG] SystemI::createSoundInternal             : exinfo->initialseekpostype = 1
[LOG] SystemI::DSPCodecPoolRegister            : register codec pool for pool type 5
[LOG] SystemI::createSoundInternal             : Sample 0/1: name='124281-Telephone_tone-dial_star_or_asterisk_medium', format=5, channels=2, frequency=48000, lengthbytes=2624, lengthpcm=24520, pcmblocksize=0, loopstart=0, loopend=0, mode=0x00000000, channelmask=0x00000000, channelorder=0, peakvolume=0.200073.
[LOG] SystemI::createSound                     : filename = Assets/Audio/fmod/Build/Desktop/SFX.bank : mode 02010082
[LOG] SystemI::createSound                     : FMOD_NONBLOCKING specified.  Putting into queue to be opened asynchronously!
[LOG] SystemI::createSound                     : setdata soundi = 0000023925AF5438 : node = 000002389D781270
[LOG] SystemI::createSound                     : add node to async list : head = 0000023846470C18.  list count = 0
[LOG] AsyncThread::threadFunc                  : Starting Asynchronous operation on sound 0000023925AF5438
[LOG] SystemI::createSoundInternal             :     Create name='Assets/Audio/fmod/Build/Desktop/SFX.bank', mode=0x02010082
[LOG] SystemI::createSoundInternal             :     exinfo->cbsize             = 224
[LOG] SystemI::createSoundInternal             :     exinfo->length             = 2389024
[LOG] SystemI::createSoundInternal             :     exinfo->fileoffset         = 62848
[LOG] SystemI::createSoundInternal             :     exinfo->numsubsounds       = 1
[LOG] SystemI::createSoundInternal             :     exinfo->inclusionlist      = 000002389D781380
[LOG] SystemI::createSoundInternal             :     exinfo->inclusionlistnum   = 1
[LOG] SystemI::createSoundInternal             :     exinfo->suggestedsoundtype = 5
[LOG] SystemI::createSoundInternal             :     exinfo->initialseekpostype = 1
[LOG] SystemI::createSoundInternal             :     Stream 0/1: name='94023-Telephone_speakerphone_dial_tone_long-BLASTWAVEFX-28066', format=5, channels=2, frequency=48000, lengthbytes=166720, lengthpcm=1002193, pcmblocksize=0, loopstart=0, loopend=0, mode=0x00000000, channelmask=0x00000000, channelorder=0, peakvolume=0.215637.
[LOG] AsyncThread::threadFunc                  : Finished Asynchronous operation on sound 0000023925AF5438
[LOG] SoundI::release                          : 94023-Telephone_speakerphone_dial_tone_long-BLASTWAVEFX-28066 (0000023925AF5438)
[LOG] SoundI::release                          :     94023-Telephone_speakerphone_dial_tone_long-BLASTWAVEFX-28066 (000002389D878258)
[LOG] SoundI::release                          :     94023-Telephone_speakerphone_dial_tone_long-BLASTWAVEFX-28066 (0000023925AFA6E8)
[LOG] SystemI::createSound                     : filename = Assets/Audio/fmod/Build/Desktop/SFX.bank : mode 02010082
[LOG] SystemI::createSound                     : FMOD_NONBLOCKING specified.  Putting into queue to be opened asynchronously!
[LOG] SystemI::createSound                     : setdata soundi = 0000023925AF5438 : node = 000002389D7823F0
[LOG] SystemI::createSound                     : add node to async list : head = 0000023846470C18.  list count = 0
[LOG] AsyncThread::threadFunc                  : Starting Asynchronous operation on sound 0000023925AF5438
[LOG] SystemI::createSoundInternal             :     Create name='Assets/Audio/fmod/Build/Desktop/SFX.bank', mode=0x02010082
[LOG] SystemI::createSoundInternal             :     exinfo->cbsize             = 224
[LOG] SystemI::createSoundInternal             :     exinfo->length             = 2389024
[LOG] SystemI::createSoundInternal             :     exinfo->fileoffset         = 62848
[LOG] SystemI::createSoundInternal             :     exinfo->numsubsounds       = 1
[LOG] SystemI::createSoundInternal             :     exinfo->inclusionlist      = 000002389D782500
[LOG] SystemI::createSoundInternal             :     exinfo->inclusionlistnum   = 1
[LOG] SystemI::createSoundInternal             :     exinfo->suggestedsoundtype = 5
[LOG] SystemI::createSoundInternal             :     exinfo->initialseekposition = 1593
[LOG] SystemI::createSoundInternal             :     exinfo->initialseekpostype = 1
[LOG] SystemI::createSoundInternal             :     Stream 0/1: name='482131-Antique_telephone-Phone_receiver_picked_up_and_put_back_in_cradle-02', format=5, channels=2, frequency=48000, lengthbytes=92512, lengthpcm=570880, pcmblocksize=0, loopstart=0, loopend=0, mode=0x00000000, channelmask=0x00000000, channelorder=0, peakvolume=0.387851.
[LOG] AsyncThread::threadFunc                  : Finished Asynchronous operation on sound 0000023925AF5438
[LOG] SoundI::release                          : 482131-Antique_telephone-Phone_receiver_picked_up_and_put_back_in_cradle-02 (0000023925AF5438)
[LOG] SoundI::release                          :     482131-Antique_telephone-Phone_receiver_picked_up_and_put_back_in_cradle-02 (000002389D877078)
[LOG] SoundI::release                          :     482131-Antique_telephone-Phone_receiver_picked_up_and_put_back_in_cradle-02 (0000023925AFA6E8)
[LOG] SystemI::createSound                     : filename = Assets/Audio/fmod/Build/Desktop/SFX.bank : mode 02010082
[LOG] SystemI::createSound                     : FMOD_NONBLOCKING specified.  Putting into queue to be opened asynchronously!
[LOG] SystemI::createSound                     : setdata soundi = 0000023925AF5438 : node = 000002389D780FF0
[LOG] SystemI::createSound                     : add node to async list : head = 0000023846470C18.  list count = 0
[LOG] AsyncThread::threadFunc                  : Starting Asynchronous operation on sound 0000023925AF5438
[LOG] SystemI::createSoundInternal             :     Create name='Assets/Audio/fmod/Build/Desktop/SFX.bank', mode=0x02010082
[LOG] SystemI::createSoundInternal             :     exinfo->cbsize             = 224
[LOG] SystemI::createSoundInternal             :     exinfo->length             = 2389024
[LOG] SystemI::createSoundInternal             :     exinfo->fileoffset         = 62848
[LOG] SystemI::createSoundInternal             :     exinfo->numsubsounds       = 1
[LOG] SystemI::createSoundInternal             :     exinfo->inclusionlist      = 000002389D781100
[LOG] SystemI::createSoundInternal             :     exinfo->inclusionlistnum   = 1
[LOG] SystemI::createSoundInternal             :     exinfo->suggestedsoundtype = 5
[LOG] SystemI::createSoundInternal             :     exinfo->initialseekposition = 4260
[LOG] SystemI::createSoundInternal             :     exinfo->initialseekpostype = 1
[LOG] SystemI::createSoundInternal             :     Stream 0/1: name='482131-Antique_telephone-Phone_receiver_picked_up_and_put_back_in_cradle-02', format=5, channels=2, frequency=48000, lengthbytes=92512, lengthpcm=570880, pcmblocksize=0, loopstart=0, loopend=0, mode=0x00000000, channelmask=0x00000000, channelorder=0, peakvolume=0.387851.
[LOG] AsyncThread::threadFunc                  : Finished Asynchronous operation on sound 0000023925AF5438
[LOG] SoundI::release                          : 482131-Antique_telephone-Phone_receiver_picked_up_and_put_back_in_cradle-02 (0000023925AF5438)
[LOG] SoundI::release                          :     482131-Antique_telephone-Phone_receiver_picked_up_and_put_back_in_cradle-02 (000002389D8795D8)
[LOG] SoundI::release                          :     482131-Antique_telephone-Phone_receiver_picked_up_and_put_back_in_cradle-02 (0000023925AFAA48)
[LOG] SystemI::createSound                     : filename = Assets/Audio/fmod/Build/Desktop/SFX.bank : mode 02010082
[LOG] SystemI::createSound                     : FMOD_NONBLOCKING specified.  Putting into queue to be opened asynchronously!
[LOG] SystemI::createSound                     : setdata soundi = 0000023925AF5438 : node = 000002389D7823F0
[LOG] SystemI::createSound                     : add node to async list : head = 0000023846470C18.  list count = 0
[LOG] AsyncThread::threadFunc                  : Starting Asynchronous operation on sound 0000023925AF5438
[LOG] SystemI::createSoundInternal             :     Create name='Assets/Audio/fmod/Build/Desktop/SFX.bank', mode=0x02010082
[LOG] SystemI::createSoundInternal             :     exinfo->cbsize             = 224
[LOG] SystemI::createSoundInternal             :     exinfo->length             = 2389024
[LOG] SystemI::createSoundInternal             :     exinfo->fileoffset         = 62848
[LOG] SystemI::createSoundInternal             :     exinfo->numsubsounds       = 1
[LOG] SystemI::createSoundInternal             :     exinfo->inclusionlist      = 000002389D782500
[LOG] SystemI::createSoundInternal             :     exinfo->inclusionlistnum   = 1
[LOG] SystemI::createSoundInternal             :     exinfo->suggestedsoundtype = 5
[LOG] SystemI::createSoundInternal             :     exinfo->initialseekposition = 430
[LOG] SystemI::createSoundInternal             :     exinfo->initialseekpostype = 1
[LOG] SystemI::createSoundInternal             :     Stream 0/1: name='441789-Film_Projector-16mm-1', format=5, channels=1, frequency=48000, lengthbytes=747296, lengthpcm=3184923, pcmblocksize=0, loopstart=0, loopend=0, mode=0x00000000, channelmask=0x00000000, channelorder=0, peakvolume=0.988593.
[LOG] AsyncThread::threadFunc                  : Finished Asynchronous operation on sound 0000023925AF5438
[LOG] SoundI::release                          : 441789-Film_Projector-16mm-1 (0000023925AF5438)
[LOG] SoundI::release                          :     441789-Film_Projector-16mm-1 (000002389D87A618)
[LOG] SoundI::release                          :     441789-Film_Projector-16mm-1 (0000023925AFA6E8)
[LOG] SystemI::createSound                     : filename = Assets/Audio/fmod/Build/Desktop/SFX.bank : mode 02010082
[LOG] SystemI::createSound                     : FMOD_NONBLOCKING specified.  Putting into queue to be opened asynchronously!
[LOG] SystemI::createSound                     : setdata soundi = 0000023925AF5438 : node = 000002389D7800F0
[LOG] SystemI::createSound                     : add node to async list : head = 0000023846470C18.  list count = 0
[LOG] AsyncThread::threadFunc                  : Starting Asynchronous operation on sound 0000023925AF5438
[LOG] SystemI::createSoundInternal             :     Create name='Assets/Audio/fmod/Build/Desktop/SFX.bank', mode=0x02010082
[LOG] SystemI::createSoundInternal             :     exinfo->cbsize             = 224
[LOG] SystemI::createSoundInternal             :     exinfo->length             = 2389024
[LOG] SystemI::createSoundInternal             :     exinfo->fileoffset         = 62848
[LOG] SystemI::createSoundInternal             :     exinfo->numsubsounds       = 1
[LOG] SystemI::createSoundInternal             :     exinfo->inclusionlist      = 000002389D780200
[LOG] SystemI::createSoundInternal             :     exinfo->inclusionlistnum   = 1
[LOG] SystemI::createSoundInternal             :     exinfo->suggestedsoundtype = 5
[LOG] SystemI::createSoundInternal             :     exinfo->initialseekposition = 413
[LOG] SystemI::createSoundInternal             :     exinfo->initialseekpostype = 1
[LOG] SystemI::createSoundInternal             :     Stream 0/1: name='441789-Film_Projector-16mm-1', format=5, channels=1, frequency=48000, lengthbytes=747296, lengthpcm=3184923, pcmblocksize=0, loopstart=0, loopend=0, mode=0x00000000, channelmask=0x00000000, channelorder=0, peakvolume=0.988593.
[LOG] AsyncThread::threadFunc                  : Finished Asynchronous operation on sound 0000023925AF5438
[LOG] SystemI::createSound                     : filename = Assets/Audio/fmod/Build/Desktop/SFX.bank : mode 02010082
[LOG] SystemI::createSound                     : FMOD_NONBLOCKING specified.  Putting into queue to be opened asynchronously!
[LOG] SystemI::createSound                     : setdata soundi = 0000023925AFAA48 : node = 000002389D780FF0
[LOG] SystemI::createSound                     : add node to async list : head = 0000023846470C18.  list count = 0
[LOG] AsyncThread::threadFunc                  : Starting Asynchronous operation on sound 0000023925AFAA48
[LOG] SystemI::createSoundInternal             :     Create name='Assets/Audio/fmod/Build/Desktop/SFX.bank', mode=0x02010082
[LOG] SystemI::createSoundInternal             :     exinfo->cbsize             = 224
[LOG] SystemI::createSoundInternal             :     exinfo->length             = 2389024
[LOG] SystemI::createSoundInternal             :     exinfo->fileoffset         = 62848
[LOG] SystemI::createSoundInternal             :     exinfo->numsubsounds       = 1
[LOG] SystemI::createSoundInternal             :     exinfo->inclusionlist      = 000002389D781100
[LOG] SystemI::createSoundInternal             :     exinfo->inclusionlistnum   = 1
[LOG] SystemI::createSoundInternal             :     exinfo->suggestedsoundtype = 5
[LOG] SystemI::createSoundInternal             :     exinfo->initialseekposition = 63257
[LOG] SystemI::createSoundInternal             :     exinfo->initialseekpostype = 1
[LOG] SystemI::createSoundInternal             :     Stream 0/1: name='441789-Film_Projector-16mm-1', format=5, channels=1, frequency=48000, lengthbytes=747296, lengthpcm=3184923, pcmblocksize=0, loopstart=0, loopend=0, mode=0x00000000, channelmask=0x00000000, channelorder=0, peakvolume=0.988593.
[LOG] AsyncThread::threadFunc                  : Finished Asynchronous operation on sound 0000023925AFAA48
[LOG] SoundI::release                          : 441789-Film_Projector-16mm-1 (0000023925AFAA48)
[LOG] SoundI::release                          :     441789-Film_Projector-16mm-1 (000002389D879778)
[LOG] SoundI::release                          :     441789-Film_Projector-16mm-1 (0000023925AFADA8)
[LOG] SoundI::release                          : 441789-Film_Projector-16mm-1 (0000023925AF5438)
[LOG] SoundI::release                          :     441789-Film_Projector-16mm-1 (000002389D8788D8)
[LOG] SoundI::release                          :     441789-Film_Projector-16mm-1 (0000023925AFA6E8)
[LOG] SystemI::createSoundInternal             : Create name='', mode=0x02000202
[LOG] SystemI::createSoundInternal             : exinfo->cbsize             = 224
[LOG] SystemI::createSoundInternal             : exinfo->length             = 2389024
[LOG] SystemI::createSoundInternal             : exinfo->fileoffset         = 62848
[LOG] SystemI::createSoundInternal             : exinfo->numsubsounds       = 1
[LOG] SystemI::createSoundInternal             : exinfo->inclusionlist      = 000000AC011FEEB8
[LOG] SystemI::createSoundInternal             : exinfo->inclusionlistnum   = 1
[LOG] SystemI::createSoundInternal             : exinfo->suggestedsoundtype = 5
[LOG] SystemI::createSoundInternal             : exinfo->useropen           = 00007FF9CAB50AD0
[LOG] SystemI::createSoundInternal             : exinfo->userclose          = 00007FF9CAB50AA0
[LOG] SystemI::createSoundInternal             : exinfo->userread           = 00007FF9CAB50BA0
[LOG] SystemI::createSoundInternal             : exinfo->userseek           = 00007FF9CAB50C60
[LOG] SystemI::createSoundInternal             : exinfo->fileuserdata       = 0000023898003CE8
[LOG] SystemI::createSoundInternal             : exinfo->initialseekpostype = 1
[LOG] SystemI::DSPCodecPoolRegister            : register codec pool for pool type 5
[LOG] SystemI::createSoundInternal             : Sample 0/1: name='441789-Film_Projector-16mm-1 - Trimmed', format=5, channels=1, frequency=48000, lengthbytes=10176, lengthpcm=51002, pcmblocksize=0, loopstart=0, loopend=0, mode=0x00000000, channelmask=0x00000000, channelorder=0, peakvolume=0.988556.
[LOG] SystemI::createSoundInternal             : Create name='', mode=0x02000202
[LOG] SystemI::createSoundInternal             : exinfo->cbsize             = 224
[LOG] SystemI::createSoundInternal             : exinfo->length             = 2389024
[LOG] SystemI::createSoundInternal             : exinfo->fileoffset         = 62848
[LOG] SystemI::createSoundInternal             : exinfo->numsubsounds       = 1
[LOG] SystemI::createSoundInternal             : exinfo->inclusionlist      = 000000AC011FEEB8
[LOG] SystemI::createSoundInternal             : exinfo->inclusionlistnum   = 1
[LOG] SystemI::createSoundInternal             : exinfo->suggestedsoundtype = 5
[LOG] SystemI::createSoundInternal             : exinfo->useropen           = 00007FF9CAB50AD0
[LOG] SystemI::createSoundInternal             : exinfo->userclose          = 00007FF9CAB50AA0
[LOG] SystemI::createSoundInternal             : exinfo->userread           = 00007FF9CAB50BA0
[LOG] SystemI::createSoundInternal             : exinfo->userseek           = 00007FF9CAB50C60
[LOG] SystemI::createSoundInternal             : exinfo->fileuserdata       = 0000023898003AD8
[LOG] SystemI::createSoundInternal             : exinfo->initialseekpostype = 1
[LOG] SystemI::DSPCodecPoolRegister            : register codec pool for pool type 5
[LOG] SystemI::createSoundInternal             : Sample 0/1: name='395111-Safe-Small-04-02', format=5, channels=2, frequency=48000, lengthbytes=44224, lengthpcm=159595, pcmblocksize=0, loopstart=0, loopend=0, mode=0x00000000, channelmask=0x00000000, channelorder=0, peakvolume=0.501130.
[LOG] SystemI::createSoundInternal             : Create name='', mode=0x02000202
[LOG] SystemI::createSoundInternal             : exinfo->cbsize             = 224
[LOG] SystemI::createSoundInternal             : exinfo->length             = 2389024
[LOG] SystemI::createSoundInternal             : exinfo->fileoffset         = 62848
[LOG] SystemI::createSoundInternal             : exinfo->numsubsounds       = 1
[LOG] SystemI::createSoundInternal             : exinfo->inclusionlist      = 000000AC011FEEB8
[LOG] SystemI::createSoundInternal             : exinfo->inclusionlistnum   = 1
[LOG] SystemI::createSoundInternal             : exinfo->suggestedsoundtype = 5
[LOG] SystemI::createSoundInternal             : exinfo->useropen           = 00007FF9CAB50AD0
[LOG] SystemI::createSoundInternal             : exinfo->userclose          = 00007FF9CAB50AA0
[LOG] SystemI::createSoundInternal             : exinfo->userread           = 00007FF9CAB50BA0
[LOG] SystemI::createSoundInternal             : exinfo->userseek           = 00007FF9CAB50C60
[LOG] SystemI::createSoundInternal             : exinfo->fileuserdata       = 0000023898003AD8
[LOG] SystemI::createSoundInternal             : exinfo->initialseekpostype = 1
[LOG] SystemI::DSPCodecPoolRegister            : register codec pool for pool type 5
[LOG] SystemI::createSoundInternal             : Sample 0/1: name='159368-Safe-Household-2_foot_cube-Door-Open_-some_keys_sway', format=5, channels=2, frequency=48000, lengthbytes=20288, lengthpcm=76904, pcmblocksize=0, loopstart=0, loopend=0, mode=0x00000000, channelmask=0x00000000, channelorder=0, peakvolume=0.202728.
[LOG] SoundI::release                          :  (000002394A2CD6F8)
[LOG] SoundI::release                          :     89264-Bathroom_drawer_under_sink_open-BLASTWAVEFX-24663 (00000238BFB85D08)
[LOG] SoundI::release                          :  (000002394A2CE9A8)
[LOG] SoundI::release                          :     89603-Bathroom_drawer_open_hard-BLASTWAVEFX-24650 (00000238BFB86048)
[LOG] SoundI::release                          :  (000002394A2CF248)
[LOG] SoundI::release                          :     25012-DRAWER-OPEN-SMALL (00000238BFB86388)
[LOG] SoundI::release                          :  (0000023925E6F4E8)
[LOG] SoundI::release                          :     108402-Flint_lighter-AOS01755 (000002389844F3A8)
[LOG] SoundI::release                          :  (000002394A2CF528)
[LOG] SoundI::release                          :     534156-RANDOM_Footsteps_concrete_sneakers_normal_step - Trimmed (000002389A0E8028)
[LOG] SoundI::release                          :  (000002394A2CF3B8)
[LOG] SoundI::release                          :     534157-RANDOM_Footsteps_concrete_sneakers_normal_step - Trimmed (00000238984DBAB8)
[LOG] SoundI::release                          :  (000002394A2CEDF8)
[LOG] SoundI::release                          :     534158-RANDOM_Footsteps_concrete_sneakers_normal_step - Trimmed (000002389B86C618)
[LOG] SoundI::release                          :  (0000023925E70D58)
[LOG] SoundI::release                          :     50558-FOLEY_METAL_OBJECT_DRAG_ON_CEMENT_LONG_01 (000002389D879AB8)
[LOG] SoundI::release                          :  (0000023925E704B8)
[LOG] SoundI::release                          :     517916-Crash-Wood-Crack_to_Burst-Medium (000002389D8776F8)
[LOG] SoundI::release                          :  (0000023925E6FAA8)
[LOG] SoundI::release                          :     5499-Drop-Wood-Plank-2-HardSurface-Light-01 - Trimmed (000002389D877218)
[LOG] SoundI::release                          :  (0000023925E6F208)
[LOG] SoundI::release                          :     5600-Drop-Wood-Cluster-HardSurface-Heavy-02 - Trimmed (000002389D877A38)
[LOG] SoundI::release                          :  (0000023925E6FC18)
[LOG] SoundI::release                          :     5608-Drop-Wood-Plank-2-SoftSurface-Medium-01 - Trimmed (000002389D87C9D8)
[LOG] SoundI::release                          :  (0000023925E6F098)
[LOG] SoundI::release                          :     541758-zapsplat-foley-cardboard-box-empty-drop-hard-ground-001-53301 (000002389D879C58)
[LOG] SoundI::release                          :  (0000023925E6FEF8)
[LOG] SoundI::release                          :     414987-Announcer_Saying_That_Is_Correct (000002389D87C4F8)
[LOG] SoundI::release                          :  (0000023925E6F7C8)
[LOG] SoundI::release                          :     124259-Telephone_tone-dial_0_medium (000002389D87CB78)
[LOG] SoundI::release                          :  (0000023925E70628)
[LOG] SoundI::release                          :     124261-Telephone_tone-dial_2_medium (000002389D877BD8)
[LOG] SoundI::release                          :  (0000023925E70798)
[LOG] SoundI::release                          :     124262-Telephone_tone-dial_pound_or_number_medium (000002389D877F18)
[LOG] SoundI::release                          :  (0000023897EC1BF8)
[LOG] SoundI::release                          :     124281-Telephone_tone-dial_star_or_asterisk_medium (000002389D878598)
[LOG] SoundI::release                          :  (0000023897EC2D38)
[LOG] SoundI::release                          :     441789-Film_Projector-16mm-1 - Trimmed (000002389D87B658)
[LOG] SoundI::release                          :  (0000023897EC1358)
[LOG] SoundI::release                          :     395111-Safe-Small-04-02 (000002389D8788D8)
[LOG] SoundI::release                          :  (0000023897EC2048)
[LOG] SoundI::release                          :     159368-Safe-Household-2_foot_cube-Door-Open_-some_keys_sway (000002389D87B178)
[LOG] Thread::callback                         : FMOD Studio bank load thread finished.
[LOG] Thread::callback                         : FMOD Studio sample load thread finished.
[LOG] LiveUpdate::release                      : 
[LOG] LiveUpdate::reset                        : Reset connection (reason Disconnected)
[LOG] Thread::callback                         : FMOD stream thread finished.
[LOG] Thread::callback                         : FMOD mixer thread finished.
[LOG] SystemI::close                           : Closed.
[LOG] Thread::callback                         : FMOD nonblocking thread (0) finished.
[LOG] Thread::callback                         : FMOD file thread finished.
